
Showing logs for build [32mcb-kubecd-environment-pr-177-48-tkg49-1[0m stage [32mfrom-build-pack[0m and container [32mstep-credential-initializer-77d9n[0m
{"level":"warn","ts":1583628951.9259353,"logger":"fallback-logger","caller":"logging/config.go:69","msg":"Fetch GitHub commit ID from kodata failed: \"ref: refs/heads/0.8.0-**-support-backwards-incompats\" is not a valid GitHub commit ID"}
{"level":"info","ts":1583628951.9271042,"logger":"fallback-logger","caller":"creds-init/main.go:40","msg":"Credentials initialized."}

Showing logs for build [32mcb-kubecd-environment-pr-177-48-tkg49-1[0m stage [32mfrom-build-pack[0m and container [32mstep-working-dir-initializer-hh57v[0m
{"level":"warn","ts":1583628952.9091058,"logger":"fallback-logger","caller":"logging/config.go:69","msg":"Fetch GitHub commit ID from kodata failed: open /var/run/ko/HEAD: no such file or directory"}
{"level":"info","ts":1583628952.910976,"logger":"fallback-logger","caller":"bash/main.go:64","msg":"Successfully executed command \"sh -c mkdir -p /workspace/source\"; output "}

Showing logs for build [32mcb-kubecd-environment-pr-177-48-tkg49-1[0m stage [32mfrom-build-pack[0m and container [32mstep-place-tools[0m

Showing logs for build [32mcb-kubecd-environment-pr-177-48-tkg49-1[0m stage [32mfrom-build-pack[0m and container [32mstep-git-source-cb-kubecd-environment-pr-177-48-tkg49-m6vnl[0m
{"level":"warn","ts":1583628955.9643042,"logger":"fallback-logger","caller":"logging/config.go:69","msg":"Fetch GitHub commit ID from kodata failed: \"ref: refs/heads/0.8.0-**-support-backwards-incompats\" is not a valid GitHub commit ID"}
{"level":"info","ts":1583628956.9654152,"logger":"fallback-logger","caller":"git/git.go:103","msg":"Successfully cloned https://github.com/cb-kubecd/environment-pr-177-48-gke-upgrade-production.git @ master in path /workspace/source"}

Showing logs for build [32mcb-kubecd-environment-pr-177-48-tkg49-1[0m stage [32mfrom-build-pack[0m and container [32mstep-git-merge[0m
Using SHAs from PULL_REFS=master:e57ce16bca3fdead127cf9d88e7ef82b7479bc9f,1:3822025937e4e4da1cd734d1e1ec6a8315d15306
DEBUG: LC_ALL=C JX_LOG_LEVEL=error git fetch origin --unshallow 3822025937e4e4da1cd734d1e1ec6a8315d15306: e57ce16bca3fdead127cf9d88e7ef82b7479bc9f:
DEBUG: ran git fetch --unshallow origin 3822025937e4e4da1cd734d1e1ec6a8315d15306: e57ce16bca3fdead127cf9d88e7ef82b7479bc9f: in 
DEBUG: JX_LOG_LEVEL=error LC_ALL=C git branch
DEBUG: LC_ALL=C JX_LOG_LEVEL=error git checkout master
DEBUG: ran git checkout master in 
DEBUG: LC_ALL=C JX_LOG_LEVEL=error git reset --hard e57ce16bca3fdead127cf9d88e7ef82b7479bc9f
DEBUG: ran git reset --hard e57ce16bca3fdead127cf9d88e7ef82b7479bc9f in 
DEBUG: LC_ALL=C JX_LOG_LEVEL=error git clean -fd .
DEBUG: ran clean --force -d . in 
DEBUG: LC_ALL=C JX_LOG_LEVEL=error git merge 3822025937e4e4da1cd734d1e1ec6a8315d15306
DEBUG: ran git merge 3822025937e4e4da1cd734d1e1ec6a8315d15306 in 
DEBUG: LC_ALL=C JX_LOG_LEVEL=error git log --format=%H%x1f%an%x1f%ae%x1f%cn%x1f%ce%x1f%s%n%b%x1e e57ce16bca3fdead127cf9d88e7ef82b7479bc9f..HEAD
Merged SHA 3822025937e4e4da1cd734d1e1ec6a8315d15306 with commit message 'chore: Promote bdd-spring-1583627951 to version 0.0.1' into base branch master

Showing logs for build [32mcb-kubecd-environment-pr-177-48-tkg49-1[0m stage [32mfrom-build-pack[0m and container [32mstep-build-helm-build[0m
WARNING: No $CHART_REPOSITORY defined so using the default value of: http://jenkins-x-chartmuseum:8080
Adding missing Helm repo: storage.googleapis.com https://storage.googleapis.com/chartmuseum.jenkins-x.io
WARNING: No secrets found on "helm/repos" due: reading the secret "helm/repos" from vault: no secret "helm/repos" not found in vault
Read credentials for https://storage.googleapis.com/chartmuseum.jenkins-x.io from vault helm/repos
Successfully added Helm repository storage.googleapis.com.
Adding missing Helm repo: jenkins-x-chartmuseum http://jenkins-x-chartmuseum:8080
WARNING: No secrets found on "helm/repos" due: reading the secret "helm/repos" from vault: no secret "helm/repos" not found in vault
Read credentials for http://jenkins-x-chartmuseum:8080 from vault helm/repos
Successfully added Helm repository jenkins-x-chartmuseum.
WARNING: No $CHART_REPOSITORY defined so using the default value of: http://jenkins-x-chartmuseum:8080
Adding missing Helm repo: chartmuseum.jenkins-x.io http://chartmuseum.jenkins-x.io
WARNING: No secrets found on "helm/repos" due: reading the secret "helm/repos" from vault: no secret "helm/repos" not found in vault
Read credentials for http://chartmuseum.jenkins-x.io from vault helm/repos
Successfully added Helm repository chartmuseum.jenkins-x.io.
